<?xml version="1.0" encoding="UTF-8"?>
<testng-results skipped="0" failed="1" ignored="2" total="3" passed="0">
  <reporter-output>
    <line>
      <![CDATA[Default test Test Start]]>
    </line>
    <line>
      <![CDATA[login page displayed Verification pass]]>
    </line>
    <line>
      <![CDATA[Home page displayed Verification pass]]>
    </line>
    <line>
      <![CDATA[editnewCampingPage Test Start]]>
    </line>
    <line>
      <![CDATA[click camping page Verification pass]]>
    </line>
    <line>
      <![CDATA[Edit page  Verification pass]]>
    </line>
    <line>
      <![CDATA[edit new Campain Name matching  Verification pass]]>
    </line>
    <line>
      <![CDATA[editnewCampingPage Test fail]]>
    </line>
    <line>
      <![CDATA[logout is passed Verification pass]]>
    </line>
  </reporter-output>
  <suite name="Default suite" duration-ms="11195" started-at="2019-10-17T17:52:20 IST" finished-at="2019-10-17T17:52:31 IST">
    <groups>
    </groups>
    <test name="Default test" duration-ms="11195" started-at="2019-10-17T17:52:20 IST" finished-at="2019-10-17T17:52:31 IST">
      <class name="com.crm.TestExecutionScripts.ExecutTests">
        <test-method status="PASS" signature="openBrowser()[pri:0, instance:com.crm.TestExecutionScripts.ExecutTests@3701eaf6]" name="openBrowser" is-config="true" duration-ms="6255" started-at="2019-10-17T17:52:20 IST" finished-at="2019-10-17T17:52:26 IST">
          <reporter-output>
          </reporter-output>
        </test-method> <!-- openBrowser -->
        <test-method status="PASS" signature="entertheapp()[pri:0, instance:com.crm.TestExecutionScripts.ExecutTests@3701eaf6]" name="entertheapp" is-config="true" duration-ms="1519" started-at="2019-10-17T17:52:26 IST" finished-at="2019-10-17T17:52:28 IST">
          <reporter-output>
            <line>
              <![CDATA[login page displayed Verification pass]]>
            </line>
            <line>
              <![CDATA[Home page displayed Verification pass]]>
            </line>
          </reporter-output>
        </test-method> <!-- entertheapp -->
        <test-method status="FAIL" signature="editnewCampingPage()[pri:3, instance:com.crm.TestExecutionScripts.ExecutTests@3701eaf6]" name="editnewCampingPage" duration-ms="2577" started-at="2019-10-17T17:52:28 IST" finished-at="2019-10-17T17:52:30 IST">
          <exception class="java.lang.AssertionError">
            <message>
              <![CDATA[expected [2] but found [6]]]>
            </message>
            <full-stacktrace>
              <![CDATA[java.lang.AssertionError: expected [2] but found [6]
at org.testng.Assert.fail(Assert.java:97)
at org.testng.Assert.assertEqualsImpl(Assert.java:136)
at org.testng.Assert.assertEquals(Assert.java:118)
at org.testng.Assert.assertEquals(Assert.java:575)
at org.testng.Assert.assertEquals(Assert.java:585)
at com.crm.genericLib.WebDriverCommenMeth.verify(WebDriverCommenMeth.java:76)
at com.crm.TestExecutionScripts.ExecutTests.editnewCampingPage(ExecutTests.java:132)
at sun.reflect.NativeMethodAccessorImpl.invoke0(Native Method)
at sun.reflect.NativeMethodAccessorImpl.invoke(NativeMethodAccessorImpl.java:62)
at sun.reflect.DelegatingMethodAccessorImpl.invoke(DelegatingMethodAccessorImpl.java:43)
at java.lang.reflect.Method.invoke(Method.java:498)
at org.testng.internal.MethodInvocationHelper.invokeMethod(MethodInvocationHelper.java:133)
at org.testng.internal.TestInvoker.invokeMethod(TestInvoker.java:584)
at org.testng.internal.TestInvoker.invokeTestMethod(TestInvoker.java:172)
at org.testng.internal.MethodRunner.runInSequence(MethodRunner.java:46)
at org.testng.internal.TestInvoker$MethodInvocationAgent.invoke(TestInvoker.java:804)
at org.testng.internal.TestInvoker.invokeTestMethods(TestInvoker.java:145)
at org.testng.internal.TestMethodWorker.invokeTestMethods(TestMethodWorker.java:146)
at org.testng.internal.TestMethodWorker.run(TestMethodWorker.java:128)
at java.util.ArrayList.forEach(ArrayList.java:1257)
at org.testng.TestRunner.privateRun(TestRunner.java:770)
at org.testng.TestRunner.run(TestRunner.java:591)
at org.testng.SuiteRunner.runTest(SuiteRunner.java:402)
at org.testng.SuiteRunner.runSequentially(SuiteRunner.java:396)
at org.testng.SuiteRunner.privateRun(SuiteRunner.java:355)
at org.testng.SuiteRunner.run(SuiteRunner.java:304)
at org.testng.SuiteRunnerWorker.runSuite(SuiteRunnerWorker.java:53)
at org.testng.SuiteRunnerWorker.run(SuiteRunnerWorker.java:96)
at org.testng.TestNG.runSuitesSequentially(TestNG.java:1180)
at org.testng.TestNG.runSuitesLocally(TestNG.java:1102)
at org.testng.TestNG.runSuites(TestNG.java:1032)
at org.testng.TestNG.run(TestNG.java:1000)
at org.testng.remote.AbstractRemoteTestNG.run(AbstractRemoteTestNG.java:115)
at org.testng.remote.RemoteTestNG.initAndRun(RemoteTestNG.java:251)
at org.testng.remote.RemoteTestNG.main(RemoteTestNG.java:77)
]]>
            </full-stacktrace>
          </exception> <!-- java.lang.AssertionError -->
          <reporter-output>
            <line>
              <![CDATA[editnewCampingPage Test Start]]>
            </line>
            <line>
              <![CDATA[click camping page Verification pass]]>
            </line>
            <line>
              <![CDATA[Edit page  Verification pass]]>
            </line>
            <line>
              <![CDATA[edit new Campain Name matching  Verification pass]]>
            </line>
            <line>
              <![CDATA[editnewCampingPage Test fail]]>
            </line>
          </reporter-output>
        </test-method> <!-- editnewCampingPage -->
        <test-method status="PASS" signature="logouttest()[pri:0, instance:com.crm.TestExecutionScripts.ExecutTests@3701eaf6]" name="logouttest" is-config="true" duration-ms="301" started-at="2019-10-17T17:52:31 IST" finished-at="2019-10-17T17:52:31 IST">
          <reporter-output>
            <line>
              <![CDATA[logout is passed Verification pass]]>
            </line>
          </reporter-output>
        </test-method> <!-- logouttest -->
      </class> <!-- com.crm.TestExecutionScripts.ExecutTests -->
    </test> <!-- Default test -->
  </suite> <!-- Default suite -->
</testng-results>
